app/build/outputs/logs/manifest-merger-debug-report.txt
-- Merging decision tree log ---
manifest
ADDED from src/main/AndroidManifest.xml:1:1-135:12
INJECTED from src/main/AndroidManifest.xml:1:1-135:12
INJECTED from src/main/AndroidManifest.xml:1:1-135:12
INJECTED from src/main/AndroidManifest.xml:1:1-135:12
MERGED from [com.android.support:support-v4:28.0.0] AndroidManifest.xml:17:1-22:12
MERGED from [com.android.support:support-media-compat:28.0.0] AndroidManifest.xml:17:1-22:12
MERGED from [com.android.support:support-fragment:28.0.0] AndroidManifest.xml:17:1-22:12
MERGED from [com.android.support:support-core-ui:28.0.0] AndroidManifest.xml:17:1-22:12
MERGED from [com.android.support:support-core-utils:28.0.0] AndroidManifest.xml:17:1-22:12
MERGED from [com.android.support:loader:28.0.0] AndroidManifest.xml:17:1-22:12
MERGED from [com.android.support:viewpager:28.0.0] AndroidManifest.xml:17:1-22:12
MERGED from [com.android.support:coordinatorlayout:28.0.0] AndroidManifest.xml:17:1-22:12
MERGED from [com.android.support:drawerlayout:28.0.0] AndroidManifest.xml:17:1-22:12
MERGED from [com.android.support:slidingpanelayout:28.0.0] AndroidManifest.xml:17:1-22:12
MERGED from [com.android.support:customview:28.0.0] AndroidManifest.xml:17:1-22:12
MERGED from [com.android.support:swiperefreshlayout:28.0.0] AndroidManifest.xml:17:1-22:12
MERGED from [com.android.support:asynclayoutinflater:28.0.0] AndroidManifest.xml:17:1-22:12
MERGED from [com.android.support:support-compat:28.0.0] AndroidManifest.xml:17:1-24:12
MERGED from [com.android.support:versionedparcelable:28.0.0] AndroidManifest.xml:17:1-25:12
MERGED from [android.arch.lifecycle:runtime:1.1.1] AndroidManifest.xml:17:1-22:12
MERGED from [com.android.support:documentfile:28.0.0] AndroidManifest.xml:17:1-22:12
MERGED from [com.android.support:localbroadcastmanager:28.0.0] AndroidManifest.xml:17:1-22:12
MERGED from [com.android.support:print:28.0.0] AndroidManifest.xml:17:1-22:12
MERGED from [com.android.support:interpolator:28.0.0] AndroidManifest.xml:17:1-22:12
MERGED from [com.android.support:cursoradapter:28.0.0] AndroidManifest.xml:17:1-22:12
MERGED from [android.arch.lifecycle:viewmodel:1.1.1] AndroidManifest.xml:17:1-22:12
MERGED from [android.arch.lifecycle:livedata:1.1.1] AndroidManifest.xml:17:1-22:12
MERGED from [android.arch.lifecycle:livedata-core:1.1.1] AndroidManifest.xml:17:1-22:12
MERGED from [android.arch.core:runtime:1.1.1] AndroidManifest.xml:17:1-22:12
INJECTED from src/main/AndroidManifest.xml:1:1-135:12
INJECTED from src/main/AndroidManifest.xml:1:1-135:12
INJECTED from src/main/AndroidManifest.xml:1:1-135:12
	package
		ADDED from src/main/AndroidManifest.xml:2:5-38
		INJECTED from src/main/AndroidManifest.xml
		INJECTED from src/main/AndroidManifest.xml
	android:versionName
		ADDED from src/main/AndroidManifest.xml:4:5-30
		INJECTED from src/main/AndroidManifest.xml
		INJECTED from src/main/AndroidManifest.xml
	xmlns:android
		ADDED from src/main/AndroidManifest.xml:1:11-69
	android:versionCode
		ADDED from src/main/AndroidManifest.xml:3:5-28
		INJECTED from src/main/AndroidManifest.xml
		INJECTED from src/main/AndroidManifest.xml
uses-sdk
ADDED from src/main/AndroidManifest.xml:6:5-47
INJECTED from src/main/AndroidManifest.xml:6:5-47
INJECTED from src/main/AndroidManifest.xml:6:5-47
MERGED from [com.android.support:support-v4:28.0.0] AndroidManifest.xml:20:5-44
MERGED from [com.android.support:support-v4:28.0.0] AndroidManifest.xml:20:5-44
MERGED from [com.android.support:support-media-compat:28.0.0] AndroidManifest.xml:20:5-44
MERGED from [com.android.support:support-media-compat:28.0.0] AndroidManifest.xml:20:5-44
MERGED from [com.android.support:support-fragment:28.0.0] AndroidManifest.xml:20:5-44
MERGED from [com.android.support:support-fragment:28.0.0] AndroidManifest.xml:20:5-44
MERGED from [com.android.support:support-core-ui:28.0.0] AndroidManifest.xml:20:5-44
MERGED from [com.android.support:support-core-ui:28.0.0] AndroidManifest.xml:20:5-44
MERGED from [com.android.support:support-core-utils:28.0.0] AndroidManifest.xml:20:5-44
MERGED from [com.android.support:support-core-utils:28.0.0] AndroidManifest.xml:20:5-44
MERGED from [com.android.support:loader:28.0.0] AndroidManifest.xml:20:5-44
MERGED from [com.android.support:loader:28.0.0] AndroidManifest.xml:20:5-44
MERGED from [com.android.support:viewpager:28.0.0] AndroidManifest.xml:20:5-44
MERGED from [com.android.support:viewpager:28.0.0] AndroidManifest.xml:20:5-44
MERGED from [com.android.support:coordinatorlayout:28.0.0] AndroidManifest.xml:20:5-44
MERGED from [com.android.support:coordinatorlayout:28.0.0] AndroidManifest.xml:20:5-44
MERGED from [com.android.support:drawerlayout:28.0.0] AndroidManifest.xml:20:5-44
MERGED from [com.android.support:drawerlayout:28.0.0] AndroidManifest.xml:20:5-44
MERGED from [com.android.support:slidingpanelayout:28.0.0] AndroidManifest.xml:20:5-44
MERGED from [com.android.support:slidingpanelayout:28.0.0] AndroidManifest.xml:20:5-44
MERGED from [com.android.support:customview:28.0.0] AndroidManifest.xml:20:5-44
MERGED from [com.android.support:customview:28.0.0] AndroidManifest.xml:20:5-44
MERGED from [com.android.support:swiperefreshlayout:28.0.0] AndroidManifest.xml:20:5-44
MERGED from [com.android.support:swiperefreshlayout:28.0.0] AndroidManifest.xml:20:5-44
MERGED from [com.android.support:asynclayoutinflater:28.0.0] AndroidManifest.xml:20:5-44
MERGED from [com.android.support:asynclayoutinflater:28.0.0] AndroidManifest.xml:20:5-44
MERGED from [com.android.support:support-compat:28.0.0] AndroidManifest.xml:20:5-44
MERGED from [com.android.support:support-compat:28.0.0] AndroidManifest.xml:20:5-44
MERGED from [com.android.support:versionedparcelable:28.0.0] AndroidManifest.xml:20:5-44
MERGED from [com.android.support:versionedparcelable:28.0.0] AndroidManifest.xml:20:5-44
MERGED from [android.arch.lifecycle:runtime:1.1.1] AndroidManifest.xml:20:5-44
MERGED from [android.arch.lifecycle:runtime:1.1.1] AndroidManifest.xml:20:5-44
MERGED from [com.android.support:documentfile:28.0.0] AndroidManifest.xml:20:5-44
MERGED from [com.android.support:documentfile:28.0.0] AndroidManifest.xml:20:5-44
MERGED from [com.android.support:localbroadcastmanager:28.0.0] AndroidManifest.xml:20:5-44
MERGED from [com.android.support:localbroadcastmanager:28.0.0] AndroidManifest.xml:20:5-44
MERGED from [com.android.support:print:28.0.0] AndroidManifest.xml:20:5-44
MERGED from [com.android.support:print:28.0.0] AndroidManifest.xml:20:5-44
MERGED from [com.android.support:interpolator:28.0.0] AndroidManifest.xml:20:5-44
MERGED from [com.android.support:interpolator:28.0.0] AndroidManifest.xml:20:5-44
MERGED from [com.android.support:cursoradapter:28.0.0] AndroidManifest.xml:20:5-44
MERGED from [com.android.support:cursoradapter:28.0.0] AndroidManifest.xml:20:5-44
MERGED from [android.arch.lifecycle:viewmodel:1.1.1] AndroidManifest.xml:20:5-44
MERGED from [android.arch.lifecycle:viewmodel:1.1.1] AndroidManifest.xml:20:5-44
MERGED from [android.arch.lifecycle:livedata:1.1.1] AndroidManifest.xml:20:5-44
MERGED from [android.arch.lifecycle:livedata:1.1.1] AndroidManifest.xml:20:5-44
MERGED from [android.arch.lifecycle:livedata-core:1.1.1] AndroidManifest.xml:20:5-44
MERGED from [android.arch.lifecycle:livedata-core:1.1.1] AndroidManifest.xml:20:5-44
MERGED from [android.arch.core:runtime:1.1.1] AndroidManifest.xml:20:5-44
MERGED from [android.arch.core:runtime:1.1.1] AndroidManifest.xml:20:5-44
INJECTED from src/main/AndroidManifest.xml:6:5-47
INJECTED from src/main/AndroidManifest.xml:6:5-47
	android:targetSdkVersion
		ADDED from src/main/AndroidManifest.xml:6:15-44
		INJECTED from src/main/AndroidManifest.xml
		INJECTED from src/main/AndroidManifest.xml
	android:minSdkVersion
		INJECTED from src/main/AndroidManifest.xml
		ADDED from src/main/AndroidManifest.xml:6:5-47
		INJECTED from src/main/AndroidManifest.xml
uses-permission#android.permission.INTERNET
ADDED from src/main/AndroidManifest.xml:7:2-64
	android:name
		ADDED from src/main/AndroidManifest.xml:7:19-61
application
ADDED from src/main/AndroidManifest.xml:8:5-133:19
MERGED from [com.android.support:support-compat:28.0.0] AndroidManifest.xml:22:5-94
MERGED from [com.android.support:support-compat:28.0.0] AndroidManifest.xml:22:5-94
MERGED from [com.android.support:versionedparcelable:28.0.0] AndroidManifest.xml:22:5-23:19
MERGED from [com.android.support:versionedparcelable:28.0.0] AndroidManifest.xml:22:5-23:19
	android:appComponentFactory
		ADDED from [com.android.support:support-compat:28.0.0] AndroidManifest.xml:22:18-91
	android:label
		ADDED from src/main/AndroidManifest.xml:10:9-41
	android:icon
		ADDED from src/main/AndroidManifest.xml:9:9-45
	android:theme
		ADDED from src/main/AndroidManifest.xml:11:9-40
activity#hocanhvan.doan.nhatnghe.manghinhchao
ADDED from src/main/AndroidManifest.xml:15:13-26:20
	android:screenOrientation
		ADDED from src/main/AndroidManifest.xml:19:13-49
	android:label
		ADDED from src/main/AndroidManifest.xml:17:13-56
	android:theme
		ADDED from src/main/AndroidManifest.xml:18:13-71
	android:name
		ADDED from src/main/AndroidManifest.xml:16:13-41
intent-filter#action:name:android.intent.action.MAIN+category:name:android.intent.category.LAUNCHER
ADDED from src/main/AndroidManifest.xml:21:13-25:29
action#android.intent.action.MAIN
ADDED from src/main/AndroidManifest.xml:22:17-69
	android:name
		ADDED from src/main/AndroidManifest.xml:22:25-66
category#android.intent.category.LAUNCHER
ADDED from src/main/AndroidManifest.xml:24:17-77
	android:name
		ADDED from src/main/AndroidManifest.xml:24:27-74
activity#hocanhvan.doan.nhatnghe.MainActivity
ADDED from src/main/AndroidManifest.xml:32:9-43:20
	android:screenOrientation
		ADDED from src/main/AndroidManifest.xml:36:13-49
	android:label
		ADDED from src/main/AndroidManifest.xml:34:13-56
	android:theme
		ADDED from src/main/AndroidManifest.xml:35:13-71
	android:name
		ADDED from src/main/AndroidManifest.xml:33:13-41
intent-filter#action:name:android.intent.action.MAIN+category:name:android.intent.category.DEFAULT
ADDED from src/main/AndroidManifest.xml:38:13-42:29
category#android.intent.category.DEFAULT
ADDED from src/main/AndroidManifest.xml:41:17-76
	android:name
		ADDED from src/main/AndroidManifest.xml:41:27-73
activity#hocanhvan.doan.nhatnghe.gioithieu
ADDED from src/main/AndroidManifest.xml:46:9-52:29
	android:screenOrientation
		ADDED from src/main/AndroidManifest.xml:50:13-49
	android:label
		ADDED from src/main/AndroidManifest.xml:48:13-56
	android:launchMode
		ADDED from src/main/AndroidManifest.xml:51:13-44
	android:theme
		ADDED from src/main/AndroidManifest.xml:49:13-71
	android:name
		ADDED from src/main/AndroidManifest.xml:47:13-38
activity#hocanhvan.doan.nhatnghe.hocnghe
ADDED from src/main/AndroidManifest.xml:54:9-60:29
	android:screenOrientation
		ADDED from src/main/AndroidManifest.xml:58:13-49
	android:label
		ADDED from src/main/AndroidManifest.xml:56:13-56
	android:launchMode
		ADDED from src/main/AndroidManifest.xml:59:13-44
	android:theme
		ADDED from src/main/AndroidManifest.xml:57:13-71
	android:name
		ADDED from src/main/AndroidManifest.xml:55:13-36
activity#hocanhvan.doan.nhatnghe.elearning
ADDED from src/main/AndroidManifest.xml:62:11-68:29
	android:screenOrientation
		ADDED from src/main/AndroidManifest.xml:66:13-49
	android:label
		ADDED from src/main/AndroidManifest.xml:64:13-56
	android:launchMode
		ADDED from src/main/AndroidManifest.xml:67:13-44
	android:theme
		ADDED from src/main/AndroidManifest.xml:65:13-71
	android:name
		ADDED from src/main/AndroidManifest.xml:63:13-38
activity#hocanhvan.doan.nhatnghe.tacgia
ADDED from src/main/AndroidManifest.xml:70:11-76:29
	android:screenOrientation
		ADDED from src/main/AndroidManifest.xml:74:13-49
	android:label
		ADDED from src/main/AndroidManifest.xml:72:13-56
	android:launchMode
		ADDED from src/main/AndroidManifest.xml:75:13-44
	android:theme
		ADDED from src/main/AndroidManifest.xml:73:13-71
	android:name
		ADDED from src/main/AndroidManifest.xml:71:13-35
activity#hocanhvan.doan.nhatnghe.xemvideo
ADDED from src/main/AndroidManifest.xml:78:11-84:29
	android:screenOrientation
		ADDED from src/main/AndroidManifest.xml:82:13-49
	android:label
		ADDED from src/main/AndroidManifest.xml:80:13-56
	android:launchMode
		ADDED from src/main/AndroidManifest.xml:83:13-44
	android:theme
		ADDED from src/main/AndroidManifest.xml:81:13-71
	android:name
		ADDED from src/main/AndroidManifest.xml:79:13-37
activity#hocanhvan.doan.nhatnghe.playvideo
ADDED from src/main/AndroidManifest.xml:86:12-92:29
	android:screenOrientation
		ADDED from src/main/AndroidManifest.xml:90:13-49
	android:label
		ADDED from src/main/AndroidManifest.xml:88:13-56
	android:launchMode
		ADDED from src/main/AndroidManifest.xml:91:13-44
	android:theme
		ADDED from src/main/AndroidManifest.xml:89:13-71
	android:name
		ADDED from src/main/AndroidManifest.xml:87:13-38
activity#hocanhvan.doan.nhatnghe.Nhap_congviecActivity
ADDED from src/main/AndroidManifest.xml:95:12-96:28
	android:name
		ADDED from src/main/AndroidManifest.xml:95:22-59
activity#hocanhvan.doan.nhatnghe.Sua_congviecActivity
ADDED from src/main/AndroidManifest.xml:97:9-98:25
	android:name
		ADDED from src/main/AndroidManifest.xml:97:19-55
activity#hocanhvan.doan.nhatnghe.Ghinho_congviecActivity
ADDED from src/main/AndroidManifest.xml:101:9-106:25
	android:screenOrientation
		ADDED from src/main/AndroidManifest.xml:104:13-49
	android:label
		ADDED from src/main/AndroidManifest.xml:102:13-56
	android:theme
		ADDED from src/main/AndroidManifest.xml:103:13-71
	android:name
		ADDED from src/main/AndroidManifest.xml:101:19-58
activity#hocanhvan.doan.nhatnghe.vanpham
ADDED from src/main/AndroidManifest.xml:107:10-112:25
	android:screenOrientation
		ADDED from src/main/AndroidManifest.xml:110:13-49
	android:label
		ADDED from src/main/AndroidManifest.xml:108:13-56
	android:theme
		ADDED from src/main/AndroidManifest.xml:109:13-71
	android:name
		ADDED from src/main/AndroidManifest.xml:107:20-43
activity#hocanhvan.doan.nhatnghe.infovanpham
ADDED from src/main/AndroidManifest.xml:113:10-118:25
	android:screenOrientation
		ADDED from src/main/AndroidManifest.xml:116:13-49
	android:label
		ADDED from src/main/AndroidManifest.xml:114:13-56
	android:theme
		ADDED from src/main/AndroidManifest.xml:115:13-71
	android:name
		ADDED from src/main/AndroidManifest.xml:113:20-47
activity#hocanhvan.doan.nhatnghe.tudien
ADDED from src/main/AndroidManifest.xml:120:11-125:25
	android:screenOrientation
		ADDED from src/main/AndroidManifest.xml:123:13-49
	android:label
		ADDED from src/main/AndroidManifest.xml:121:13-56
	android:theme
		ADDED from src/main/AndroidManifest.xml:122:13-71
	android:name
		ADDED from src/main/AndroidManifest.xml:120:21-43
activity#hocanhvan.doan.nhatnghe.infotracuu
ADDED from src/main/AndroidManifest.xml:127:12-132:25
	android:screenOrientation
		ADDED from src/main/AndroidManifest.xml:130:13-49
	android:label
		ADDED from src/main/AndroidManifest.xml:128:13-56
	android:theme
		ADDED from src/main/AndroidManifest.xml:129:13-71
	android:name
		ADDED from src/main/AndroidManifest.xml:127:22-48